SF:lib/core/themes/app_theme.dart
DA:4,0
DA:5,9
DA:6,3
DA:10,0
DA:12,0
LF:5
LH:2
end_of_record
SF:lib/logic/cubit/todos_cubit.dart
DA:8,6
DA:11,2
DA:12,2
DA:17,2
DA:25,0
DA:29,2
DA:30,2
DA:31,2
DA:32,2
DA:34,4
DA:35,2
DA:36,4
DA:37,2
DA:38,2
DA:43,2
DA:49,4
DA:50,2
DA:54,0
DA:55,0
DA:57,0
DA:58,0
DA:59,0
DA:62,0
DA:64,0
DA:65,0
DA:68,0
DA:69,0
DA:70,0
DA:71,0
DA:73,0
DA:74,0
DA:77,0
DA:79,0
DA:82,0
DA:85,0
LF:35
LH:16
end_of_record
SF:lib/logic/cubit/todos_state.dart
DA:4,2
DA:16,1
DA:17,2
DA:20,0
DA:21,0
DA:24,1
DA:25,2
DA:26,2
DA:30,0
DA:35,0
DA:36,0
DA:37,0
DA:38,0
DA:42,0
DA:43,0
DA:44,0
DA:45,0
DA:50,0
DA:51,0
DA:52,0
DA:53,0
DA:54,0
DA:55,0
DA:56,0
DA:57,0
DA:61,0
DA:63,0
DA:65,0
DA:67,0
DA:68,0
LF:30
LH:6
end_of_record
SF:lib/presentation/router/app_router.dart
DA:14,0
DA:16,1
DA:17,1
DA:18,1
DA:19,1
DA:21,2
DA:23,1
DA:26,0
DA:27,0
DA:29,0
DA:31,0
DA:32,0
DA:34,0
LF:13
LH:6
end_of_record
SF:lib/presentation/shared/appbar_progress_indicator.dart
DA:10,1
DA:13,1
DA:14,2
DA:19,1
DA:22,3
DA:25,5
DA:28,3
DA:30,1
DA:31,1
DA:34,1
DA:37,1
DA:42,1
DA:43,2
LF:13
LH:13
end_of_record
SF:lib/presentation/shared/main_app_bar.dart
DA:5,2
DA:11,2
DA:19,2
DA:21,2
DA:22,2
DA:23,2
DA:24,2
DA:25,2
DA:26,2
DA:31,2
DA:32,2
DA:35,8
DA:40,2
DA:41,2
DA:42,7
LF:15
LH:15
end_of_record
SF:lib/core/exceptions/route_exception.dart
DA:4,3
LF:1
LH:1
end_of_record
SF:lib/data/models/sub_todo_model.dart
DA:7,3
DA:11,3
DA:13,0
DA:14,0
DA:15,0
DA:16,0
DA:17,0
DA:21,0
DA:22,0
DA:23,0
DA:24,0
DA:25,0
DA:29,0
DA:34,0
DA:35,0
DA:36,0
DA:37,0
DA:41,0
DA:42,0
LF:19
LH:2
end_of_record
SF:lib/data/models/unique_entity.dart
DA:4,3
LF:1
LH:1
end_of_record
SF:lib/data/models/todo_model.dart
DA:8,3
DA:14,3
DA:16,3
DA:17,6
DA:18,24
DA:22,2
DA:23,2
DA:26,2
DA:27,4
DA:30,0
DA:32,0
DA:34,0
DA:38,0
DA:39,0
DA:42,0
DA:43,0
DA:44,0
DA:45,0
DA:46,0
DA:50,0
DA:51,0
DA:52,0
DA:53,0
DA:54,0
DA:55,0
DA:56,0
DA:60,0
DA:62,0
DA:64,1
DA:69,1
DA:70,1
DA:71,1
DA:72,0
LF:33
LH:13
end_of_record
SF:lib/presentation/screens/create_todo_screen/create_todo_screen.dart
DA:15,4
DA:21,1
DA:25,1
DA:30,1
DA:31,1
DA:37,1
DA:39,3
DA:40,3
DA:41,0
DA:42,0
DA:43,0
DA:44,0
DA:47,0
DA:50,1
DA:53,0
DA:54,0
DA:55,0
DA:59,0
DA:60,0
DA:61,0
DA:62,0
DA:64,0
DA:68,0
DA:69,0
DA:70,0
DA:72,0
DA:75,0
DA:76,0
DA:78,0
DA:81,0
DA:83,0
DA:85,0
DA:88,0
DA:89,0
DA:91,0
DA:92,0
DA:94,0
DA:97,0
DA:98,0
DA:101,0
DA:103,0
DA:104,0
DA:105,0
DA:108,0
DA:109,0
DA:111,0
DA:112,0
DA:115,0
DA:118,1
DA:120,1
DA:121,1
DA:122,2
DA:123,1
DA:124,1
DA:127,0
DA:131,2
DA:132,1
DA:133,1
DA:134,1
DA:135,1
DA:137,3
DA:139,1
DA:140,3
DA:141,3
DA:142,0
DA:144,0
DA:146,2
DA:147,1
DA:149,3
DA:151,3
DA:152,0
DA:153,0
DA:154,0
DA:155,0
DA:156,0
DA:157,0
DA:159,0
DA:162,4
DA:163,0
DA:164,0
DA:165,0
DA:166,0
DA:168,0
DA:170,2
DA:174,1
DA:175,0
LF:86
LH:31
end_of_record
SF:lib/presentation/screens/main_tabs_screen/main_tabs_screen.dart
DA:8,3
DA:10,0
DA:11,0
DA:21,0
DA:23,0
DA:24,0
DA:28,0
DA:29,0
DA:30,0
DA:31,0
DA:32,0
DA:34,0
DA:35,0
DA:37,0
DA:38,0
DA:39,0
DA:41,0
DA:44,0
DA:46,0
DA:51,0
DA:52,0
DA:54,0
DA:57,0
DA:59,0
DA:67,0
LF:25
LH:1
end_of_record
SF:lib/presentation/screens/todo_screen/todo_screen.dart
DA:16,0
DA:20,3
DA:22,0
DA:30,0
DA:32,0
DA:37,0
DA:39,0
DA:40,0
DA:42,0
DA:43,0
DA:44,0
DA:45,0
DA:46,0
DA:48,0
DA:53,0
DA:57,0
DA:58,0
DA:59,0
DA:60,0
DA:62,0
DA:63,0
DA:64,0
DA:69,0
DA:73,0
DA:76,0
DA:79,0
DA:80,0
DA:85,0
DA:89,0
DA:91,0
DA:94,0
DA:95,0
DA:96,0
DA:98,0
DA:99,0
DA:100,0
DA:101,0
DA:102,0
DA:110,0
DA:112,0
DA:113,0
DA:114,0
DA:115,0
DA:116,0
DA:117,0
DA:118,0
DA:120,0
DA:121,0
DA:122,0
DA:128,0
DA:130,0
DA:131,0
DA:132,0
DA:133,0
DA:134,0
DA:135,0
DA:136,0
DA:137,0
DA:139,0
DA:140,0
DA:144,0
LF:61
LH:1
end_of_record
SF:lib/presentation/screens/complete_screen/complete_screen.dart
DA:12,3
DA:14,0
DA:16,0
DA:17,0
DA:18,0
DA:19,0
DA:20,0
DA:21,0
DA:22,0
DA:23,0
DA:24,0
DA:26,0
DA:27,0
DA:28,0
DA:29,0
DA:31,0
DA:32,0
DA:33,0
DA:35,0
DA:36,0
LF:20
LH:1
end_of_record
SF:lib/presentation/screens/todos_screen/widgets/todo_card.dart
DA:6,2
DA:12,2
DA:19,2
DA:22,16
DA:25,8
DA:27,2
DA:28,2
DA:29,2
DA:30,2
DA:31,2
DA:33,2
DA:34,4
DA:35,2
DA:37,4
DA:45,0
DA:46,0
DA:47,0
DA:50,0
DA:51,0
DA:53,0
DA:55,0
DA:56,0
DA:57,0
DA:59,0
DA:60,0
DA:66,2
DA:67,2
DA:68,2
DA:70,2
DA:72,4
DA:73,2
DA:74,2
DA:75,6
DA:76,2
DA:77,2
DA:78,2
DA:83,2
DA:85,2
DA:86,2
DA:87,2
DA:88,2
DA:91,2
DA:92,4
DA:94,2
DA:100,2
DA:101,4
DA:103,2
DA:104,2
DA:106,10
LF:49
LH:38
end_of_record
SF:lib/presentation/shared/main_page_layout.dart
DA:4,1
DA:10,1
DA:17,1
DA:19,1
DA:20,1
DA:21,1
DA:23,0
DA:24,1
DA:25,1
DA:26,1
DA:29,1
LF:11
LH:10
end_of_record
SF:lib/presentation/screens/create_todo_screen/widgets/icon_button_w.dart
DA:4,1
DA:9,1
DA:15,1
DA:17,1
DA:18,1
DA:19,1
DA:20,1
DA:21,1
LF:8
LH:8
end_of_record
SF:lib/presentation/screens/create_todo_screen/widgets/textfield_with_buttons.dart
DA:5,1
DA:10,1
DA:16,1
DA:17,1
DA:23,1
DA:25,2
DA:26,0
DA:29,3
DA:31,1
DA:34,1
DA:36,3
DA:37,2
DA:38,1
DA:41,0
DA:42,0
DA:44,0
DA:47,0
DA:48,0
DA:49,0
DA:52,0
DA:55,1
DA:57,1
DA:58,1
DA:59,1
DA:60,1
DA:61,1
DA:67,2
DA:68,0
DA:70,0
DA:71,0
LF:30
LH:19
end_of_record
SF:lib/presentation/screens/todos_screen/todos_screen.dart
DA:14,4
DA:18,1
DA:19,1
DA:25,1
DA:27,1
DA:28,1
DA:29,1
DA:30,1
DA:31,2
DA:33,1
DA:34,1
DA:35,3
DA:36,1
DA:37,3
DA:38,2
DA:39,1
DA:40,0
DA:41,0
DA:42,0
DA:44,0
DA:45,0
DA:48,0
DA:49,0
DA:50,0
DA:52,0
DA:54,0
DA:56,0
DA:61,1
DA:62,2
DA:63,1
LF:30
LH:19
end_of_record
SF:lib/presentation/screens/todo_screen/widgets/checkbox_with_title.dart
DA:5,0
DA:10,0
DA:16,0
DA:18,0
DA:19,0
DA:20,0
DA:21,0
DA:22,0
DA:23,0
DA:24,0
DA:25,0
DA:26,0
DA:28,0
LF:13
LH:0
end_of_record
SF:lib/presentation/screens/todos_screen/widgets/todos_list.dart
DA:5,1
DA:9,1
DA:14,1
DA:15,1
DA:19,1
DA:21,1
DA:22,4
DA:23,2
DA:24,2
LF:9
LH:9
end_of_record
